<?xml version="1.0" encoding="UTF-8"?>
<!-- Generated by org.testng.reporters.JUnitReportReporter -->
<testsuite hostname="Vicky" failures="0" tests="1" name="com.testcases.SampleTestCase" time="22.466" errors="0" timestamp="2020-09-09T18:06:31 IST" skipped="0">
  <testcase classname="com.testcases.SampleTestCase" name="TC_01" time="22.466"/>
  <system-out/>
</testsuite> <!-- com.testcases.SampleTestCase -->
